2025-09-25T05:11:29+02:00
{"role_id":29,"permission_ids":[]}
2025-09-25T05:12:03+02:00
{"role_id":30,"permission_ids":[]}
2025-09-25T05:13:57+02:00
{"role_id":31,"permission_ids":[]}
2025-09-25T05:19:21+02:00
{"role_id":32,"permission_ids":[]}
2025-10-01T04:58:46+02:00
{"role_id":10,"permission_ids":[2,3,4,5,6,7,8,9,10,11,12,13]}
2025-10-01T05:00:00+02:00
{"role_id":10,"permission_ids":[1,2,3,4,5,6,7,8,9,10,11,12,13]}
2025-10-01T05:00:49+02:00
{"role_id":11,"permission_ids":[2,3,4,5,6,7,8,11]}
2025-10-01T05:00:51+02:00
{"role_id":12,"permission_ids":[2,3,6,7,8]}
2025-10-16T05:25:26+02:00
{"role_id":11,"permission_ids":[1,2,3,4,5,6,7,8,9,10,11,12,13,14]}
2025-10-16T05:29:15+02:00
{"role_id":11,"permission_ids":[2,3,4,5,6,7,8,11]}
2025-10-17T04:47:37+02:00
{"role_id":11,"permission_ids":[2,3,4,5,6,7,8,11,14]}
2025-10-17T04:48:02+02:00
{"role_id":11,"permission_ids":[2,3,4,5,6,7,8,11]}
2025-10-17T04:52:40+02:00
{"role_id":11,"permission_ids":[2,3,4,5,6,7,8,11,14]}
2025-10-17T04:52:53+02:00
{"role_id":11,"permission_ids":[2,3,4,5,6,7,8,11]}
2025-10-17T04:56:32+02:00
{"role_id":11,"permission_ids":[2,3,4,5,6,7,8,11,14]}
2025-10-17T04:56:46+02:00
{"role_id":11,"permission_ids":[2,3,4,5,6,7,8,11]}
2025-10-17T04:57:28+02:00
{"role_id":11,"permission_ids":[2,3,4,5,6,7,8,9,11]}
2025-10-17T04:57:37+02:00
{"role_id":11,"permission_ids":[2,3,4,5,6,7,8,11]}
2025-10-17T04:57:42+02:00
{"role_id":11,"permission_ids":[2,3,4,5,6,7,8,11,12]}
2025-10-17T04:57:54+02:00
{"role_id":11,"permission_ids":[2,3,4,5,6,7,8,11]}
